<?xml version="1.0" encoding="UTF-8"?>
<robot generator="Robot 3.2.1 (Python 3.6.9 on linux)" generated="20200728 17:16:55.955" rpa="false">
<suite id="s1" name="DDT excel" source="/home/qainfotech/PycharmProjects/robotFrameworkPractice/testSuite/DDT_excel.robot">
<kw name="Open Browser" library="Selenium2Library" type="setup">
<doc>Opens a new browser instance to the optional ``url``.</doc>
<arguments>
<arg>${url}</arg>
<arg>${browser}</arg>
</arguments>
<msg timestamp="20200728 17:16:56.538" level="INFO">Opening browser 'Chrome' to base url 'https://www.saucedemo.com/'.</msg>
<status status="PASS" starttime="20200728 17:16:56.538" endtime="20200728 17:16:59.307"></status>
</kw>
<test id="s1-t1" name="Verify Login Fails With invalid Credentials">
<kw name="Invalid Login Scenarios">
<arguments>
<arg>${username}</arg>
<arg>${password}</arg>
<arg>Epic sadface: Username is required</arg>
</arguments>
<msg timestamp="20200728 17:16:59.312" level="FAIL">Variable '${username}' not found.</msg>
<status status="FAIL" starttime="20200728 17:16:59.310" endtime="20200728 17:16:59.312"></status>
</kw>
<status status="FAIL" starttime="20200728 17:16:59.308" endtime="20200728 17:16:59.312" critical="yes">Variable '${username}' not found.</status>
</test>
<test id="s1-t2" name="Verify Login Fails With invalid Credentials">
<kw name="Invalid Login Scenarios">
<arguments>
<arg>${username}</arg>
<arg>${password}</arg>
<arg>Epic sadface: Password is required</arg>
</arguments>
<msg timestamp="20200728 17:16:59.314" level="FAIL">Variable '${username}' not found.</msg>
<status status="FAIL" starttime="20200728 17:16:59.314" endtime="20200728 17:16:59.315"></status>
</kw>
<status status="FAIL" starttime="20200728 17:16:59.313" endtime="20200728 17:16:59.315" critical="yes">Variable '${username}' not found.</status>
</test>
<test id="s1-t3" name="Verify Login Fails With invalid Credentials">
<kw name="Invalid Login Scenarios">
<arguments>
<arg>${username}</arg>
<arg>${password}</arg>
<arg>Epic sadface: Username and password do not match any user in this service</arg>
</arguments>
<msg timestamp="20200728 17:16:59.317" level="FAIL">Variable '${username}' not found.</msg>
<status status="FAIL" starttime="20200728 17:16:59.316" endtime="20200728 17:16:59.317"></status>
</kw>
<status status="FAIL" starttime="20200728 17:16:59.315" endtime="20200728 17:16:59.317" critical="yes">Variable '${username}' not found.</status>
</test>
<test id="s1-t4" name="Verify Login Fails With invalid Credentials">
<kw name="Invalid Login Scenarios">
<arguments>
<arg>${username}</arg>
<arg>${password}</arg>
<arg>Epic sadface: Username and password do not match any user in this service</arg>
</arguments>
<msg timestamp="20200728 17:16:59.319" level="FAIL">Variable '${username}' not found.</msg>
<status status="FAIL" starttime="20200728 17:16:59.319" endtime="20200728 17:16:59.319"></status>
</kw>
<status status="FAIL" starttime="20200728 17:16:59.318" endtime="20200728 17:16:59.320" critical="yes">Variable '${username}' not found.</status>
</test>
<test id="s1-t5" name="Verify Login Fails With invalid Credentials">
<kw name="Invalid Login Scenarios">
<arguments>
<arg>${username}</arg>
<arg>${password}</arg>
<arg>Epic sadface: Sorry, this user has been locked out</arg>
</arguments>
<msg timestamp="20200728 17:16:59.322" level="FAIL">Variable '${username}' not found.</msg>
<status status="FAIL" starttime="20200728 17:16:59.321" endtime="20200728 17:16:59.323"></status>
</kw>
<status status="FAIL" starttime="20200728 17:16:59.321" endtime="20200728 17:16:59.323" critical="yes">Variable '${username}' not found.</status>
</test>
<kw name="Close Browser" library="Selenium2Library" type="teardown">
<doc>Closes the current browser.</doc>
<status status="PASS" starttime="20200728 17:16:59.324" endtime="20200728 17:16:59.381"></status>
</kw>
<doc>This is data driven demo testing</doc>
<status status="FAIL" starttime="20200728 17:16:55.956" endtime="20200728 17:16:59.381"></status>
</suite>
<statistics>
<total>
<stat pass="0" fail="5">Critical Tests</stat>
<stat pass="0" fail="5">All Tests</stat>
</total>
<tag>
</tag>
<suite>
<stat pass="0" fail="5" id="s1" name="DDT excel">DDT excel</stat>
</suite>
</statistics>
<errors>
<msg timestamp="20200728 17:16:59.313" level="WARN">Multiple test cases with name 'Verify Login Fails With invalid Credentials' executed in test suite 'DDT excel'.</msg>
<msg timestamp="20200728 17:16:59.315" level="WARN">Multiple test cases with name 'Verify Login Fails With invalid Credentials' executed in test suite 'DDT excel'.</msg>
<msg timestamp="20200728 17:16:59.318" level="WARN">Multiple test cases with name 'Verify Login Fails With invalid Credentials' executed in test suite 'DDT excel'.</msg>
<msg timestamp="20200728 17:16:59.321" level="WARN">Multiple test cases with name 'Verify Login Fails With invalid Credentials' executed in test suite 'DDT excel'.</msg>
</errors>
</robot>
